<<<<<<< HEAD
2017-06-20 12:03:04.794/1.584 Oracle Coherence 12.2.1.0.0 <Info> (thread=main, member=n/a): Loaded operational configuration from "jar:file:/C:/Middleware12G/coherence/lib/coherence.jar!/tangosol-coherence.xml"
2017-06-20 12:03:04.825/1.614 Oracle Coherence 12.2.1.0.0 <Info> (thread=main, member=n/a): Loaded operational overrides from "jar:file:/C:/Middleware12G/coherence/lib/coherence.jar!/tangosol-coherence-override-dev.xml"
2017-06-20 12:03:04.826/1.616 Oracle Coherence 12.2.1.0.0 <D5> (thread=main, member=n/a): Optional configuration override "/tangosol-coherence-override.xml" is not specified
2017-06-20 12:03:04.828/1.618 Oracle Coherence 12.2.1.0.0 <D5> (thread=main, member=n/a): Optional configuration override "cache-factory-config.xml" is not specified
2017-06-20 12:03:04.829/1.619 Oracle Coherence 12.2.1.0.0 <D5> (thread=main, member=n/a): Optional configuration override "cache-factory-builder-config.xml" is not specified
2017-06-20 12:03:04.831/1.620 Oracle Coherence 12.2.1.0.0 <D5> (thread=main, member=n/a): Optional configuration override "/custom-mbeans.xml" is not specified
=======
Java HotSpot(TM) 64-Bit Server VM warning: ignoring option PermSize=32m; support was removed in 8.0
Java HotSpot(TM) 64-Bit Server VM warning: ignoring option MaxPermSize=256m; support was removed in 8.0
2017-07-01 18:57:45.705/3.703 Oracle Coherence 12.2.1.0.0 <Info> (thread=main, member=n/a): Loaded operational configuration from "jar:file:/Users/lmartins/Oracle/Middleware/Oracle_Home/coherence/lib/coherence.jar!/tangosol-coherence.xml"
2017-07-01 18:57:45.768/3.765 Oracle Coherence 12.2.1.0.0 <Info> (thread=main, member=n/a): Loaded operational overrides from "jar:file:/Users/lmartins/Oracle/Middleware/Oracle_Home/coherence/lib/coherence.jar!/tangosol-coherence-override-dev.xml"
2017-07-01 18:57:45.770/3.767 Oracle Coherence 12.2.1.0.0 <D5> (thread=main, member=n/a): Optional configuration override "/tangosol-coherence-override.xml" is not specified
2017-07-01 18:57:45.774/3.771 Oracle Coherence 12.2.1.0.0 <D5> (thread=main, member=n/a): Optional configuration override "cache-factory-config.xml" is not specified
2017-07-01 18:57:45.776/3.773 Oracle Coherence 12.2.1.0.0 <D5> (thread=main, member=n/a): Optional configuration override "cache-factory-builder-config.xml" is not specified
2017-07-01 18:57:45.777/3.775 Oracle Coherence 12.2.1.0.0 <D5> (thread=main, member=n/a): Optional configuration override "/custom-mbeans.xml" is not specified
>>>>>>> 588535e7fd2603c200d24975a405fa777a27e811

Oracle Coherence Version 12.2.1.0.0 Build 60603
 Grid Edition: Development mode
Copyright (c) 2000, 2015, Oracle and/or its affiliates. All rights reserved.

<<<<<<< HEAD
2017-06-20 12:03:04.941/1.731 Oracle Coherence GE 12.2.1.0.0 <Info> (thread=main, member=n/a): Loaded FMW commons version: 12.2.1-0-0-SNAPSHOT b60603
2017-06-20 12:03:04.945/1.735 Oracle Coherence GE 12.2.1.0.0 <Info> (thread=main, member=n/a): Created cache factory com.tangosol.net.DefaultConfigurableCacheFactory
2017-06-20 12:03:05.874/2.664 Oracle Coherence GE 12.2.1.0.0 <Info> (thread=main, member=n/a): The cluster name has not been configured, a value of "Vinicius's cluster" has been automatically generated
Jun 20, 2017 12:03:06 PM oracle.soa.scac.ValidateComposite loadWSDLs
WARNING: Validating WSDLs from WSDLManager....  with option UseSoaInfraMds:false
Jun 20, 2017 12:03:06 PM oracle.adf.share.ADFContext getCurrent
WARNING: Automatically initializing a DefaultContext for getCurrent.
Caller should ensure that a DefaultContext is proper for this use.
Memory leaks and/or unexpected behaviour may occur if the automatic initialization is performed improperly.
This message may be avoided by performing initADFContext before using getCurrent().
For more information please enable logging for oracle.adf.share.ADFContext at FINEST level.
Jun 20, 2017 12:03:06 PM oracle.adf.share.config.ADFConfigFactory findOrCreateADFConfig
INFO: Resource META-INF/adf-config.xml not found on the classpath.
Jun 20, 2017 12:03:06 PM oracle.adf.share.config.ADFConfigFactory findOrCreateADFConfig
INFO: A default implementation of ADFConfig is being created for application. This can lead to unexpected results in some cases. Please add a basic META-INF/adf-config.xml to your classpath to avoid functional errors.
2017-06-20 12:03:06.695/3.484 Oracle Coherence GE 12.2.1.0.0 <Info> (thread=main, member=n/a): Created cache factory com.tangosol.net.DefaultConfigurableCacheFactory
Jun 20, 2017 12:03:06 PM oracle.fabric.common.wsdl.SchemaManager isIncrementalBuildSupported
INFO: XMLSchema incremental build enabled.
Picked up JAVA_TOOL_OPTIONS: -Djava.vendor="Sun Microsystems Inc."
Java HotSpot(TM) Client VM warning: ignoring option PermSize=32m; support was removed in 8.0
Java HotSpot(TM) Client VM warning: ignoring option MaxPermSize=256m; support was removed in 8.0
=======
2017-07-01 18:57:45.900/3.898 Oracle Coherence GE 12.2.1.0.0 <Info> (thread=main, member=n/a): Loaded FMW commons version: 12.2.1-0-0-SNAPSHOT b60603
2017-07-01 18:57:45.907/3.904 Oracle Coherence GE 12.2.1.0.0 <Info> (thread=main, member=n/a): Created cache factory com.tangosol.net.DefaultConfigurableCacheFactory
2017-07-01 18:57:46.259/4.256 Oracle Coherence GE 12.2.1.0.0 <Info> (thread=main, member=n/a): The cluster name has not been configured, a value of "lmartins's cluster" has been automatically generated
jul 01, 2017 6:57:46 PM oracle.dms.instrument.Noun findOrCreateByPath
ADVERTÊNCIA: Tentativa de criar um nome /DMS-Internal preexistente, do tipo n/a, com um tipo de conflito n/d.
jul 01, 2017 6:57:47 PM oracle.soa.scac.ValidateComposite loadWSDLs
ADVERTÊNCIA: Validating WSDLs from WSDLManager....  with option UseSoaInfraMds:false
jul 01, 2017 6:57:48 PM oracle.adf.share.ADFContext getCurrent
ADVERTÊNCIA: Inicializando automaticamente um DefaultContext para getCurrent.
O chamador deve garantir que um DefaultContext é adequado para este uso.
Falta de memória e/ou procedimento inesperado pode ocorrer, se a inicialização automática for executada inadequadamente.
Esta mensagem pode ser evitada, pela execução de initADFContext antes do uso de getCurrent().
Para obter mais informações, ativer o registro de oracle.adf.share.ADFContext no nível O MAIS REFINADO.
jul 01, 2017 6:57:48 PM oracle.adf.share.config.ADFConfigFactory findOrCreateADFConfig
INFORMAÇÕES: Recurso META-INF/adf-config.xml não encontrado no classpath.
jul 01, 2017 6:57:48 PM oracle.adf.share.config.ADFConfigFactory findOrCreateADFConfig
INFORMAÇÕES: Uma implementação padrão do ADFConfig está sendo criada para a aplicação. Esse fato pode levar a resultados inesperados em alguns casos. Adicione um META-INF/adf-config.xml básico ao seu classpath para evitar erros funcionais.
2017-07-01 18:57:48.563/6.560 Oracle Coherence GE 12.2.1.0.0 <Info> (thread=main, member=n/a): Created cache factory com.tangosol.net.DefaultConfigurableCacheFactory
jul 01, 2017 6:57:48 PM oracle.fabric.common.wsdl.SchemaManager loadAllXSD
ADVERTÊNCIA: Schema load failed due to: Global element declaration/definition of name '{http://www.oracle.com/retail/integration/rib/RibMessages}messageData' are duplicated at the following locations:

oramds:/apps/Extrafarma/Retail/Comum/v1/ServicesRetail/RecebimentoNFCompra/Schemas/RecebimentoNFCompraRibMessage.xsd [line#: 18]
file:/Users/lmartins/Documents/Sysgroup/Extrafarma/Workspace/AppExtraFarmaSOA/ExtraFarmaSOA/IdentificaServicoRetailIntegracaoBPEL/SOA/Schemas/RibMessages.xsd [line#: 18]
There are at least two of them looking different:
oramds:/apps/Extrafarma/Retail/Comum/v1/ServicesRetail/RecebimentoNFCompra/Schemas/RecebimentoNFCompraRibMessage.xsd [difference starting at line#:21]
file:/Users/lmartins/Documents/Sysgroup/Extrafarma/Workspace/AppExtraFarmaSOA/ExtraFarmaSOA/IdentificaServicoRetailIntegracaoBPEL/SOA/Schemas/RibMessages.xsd [difference starting at line#:21]


oracle.fabric.common.wsdl.XSDException: Global element declaration/definition of name '{http://www.oracle.com/retail/integration/rib/RibMessages}messageData' are duplicated at the following locations:

oramds:/apps/Extrafarma/Retail/Comum/v1/ServicesRetail/RecebimentoNFCompra/Schemas/RecebimentoNFCompraRibMessage.xsd [line#: 18]
file:/Users/lmartins/Documents/Sysgroup/Extrafarma/Workspace/AppExtraFarmaSOA/ExtraFarmaSOA/IdentificaServicoRetailIntegracaoBPEL/SOA/Schemas/RibMessages.xsd [line#: 18]
There are at least two of them looking different:
oramds:/apps/Extrafarma/Retail/Comum/v1/ServicesRetail/RecebimentoNFCompra/Schemas/RecebimentoNFCompraRibMessage.xsd [difference starting at line#:21]
file:/Users/lmartins/Documents/Sysgroup/Extrafarma/Workspace/AppExtraFarmaSOA/ExtraFarmaSOA/IdentificaServicoRetailIntegracaoBPEL/SOA/Schemas/RibMessages.xsd [difference starting at line#:21]


	at oracle.fabric.common.wsdl.SchemaBuilder.postProcessXSD(SchemaBuilder.java:417)
	at oracle.fabric.common.wsdl.SchemaBuilder.loadAllSchemas(SchemaBuilder.java:257)
	at oracle.fabric.common.wsdl.SchemaManager.loadAllXSD(SchemaManager.java:414)
	at oracle.fabric.common.wsdl.SchemaManager.buildXDKSchema(SchemaManager.java:697)
	at oracle.fabric.common.wsdl.SchemaManager.lookupSchema(SchemaManager.java:548)
	at oracle.fabric.common.wsdl.SchemaManager.lookupXSDElementDeclaration(SchemaManager.java:873)
	at oracle.soa.scac.WSDLValidator.validateMessageParts(WSDLValidator.java:113)
	at oracle.soa.scac.WSDLValidator.validateMessages(WSDLValidator.java:88)
	at oracle.soa.scac.WSDLValidator.validate(WSDLValidator.java:44)
	at oracle.soa.scac.ValidateComposite.loadWSDLs(ValidateComposite.java:1002)
	at oracle.soa.scac.ValidateComposite.doValidation0(ValidateComposite.java:589)
	at oracle.soa.scac.ValidateComposite.doValidation(ValidateComposite.java:577)
	at oracle.soa.scac.ValidateComposite.run0(ValidateComposite.java:228)
	at oracle.soa.scac.ValidateComposite.run(ValidateComposite.java:209)
	at oracle.soa.scac.ValidateComposite.main(ValidateComposite.java:201)
jul 01, 2017 6:57:48 PM oracle.fabric.common.wsdl.SchemaManager isIncrementalBuildSupported
INFORMAÇÕES: XMLSchema incremental build enabled.
jul 01, 2017 6:57:48 PM oracle.fabric.common.wsdl.SchemaManager buildXDKSchema
ADVERTÊNCIA: Found a schema build exception from most recent attempt: Global element declaration/definition of name '{http://www.oracle.com/retail/integration/rib/RibMessages}messageData' are duplicated at the following locations:

oramds:/apps/Extrafarma/Retail/Comum/v1/ServicesRetail/RecebimentoNFCompra/Schemas/RecebimentoNFCompraRibMessage.xsd [line#: 18]
file:/Users/lmartins/Documents/Sysgroup/Extrafarma/Workspace/AppExtraFarmaSOA/ExtraFarmaSOA/IdentificaServicoRetailIntegracaoBPEL/SOA/Schemas/RibMessages.xsd [line#: 18]
There are at least two of them looking different:
oramds:/apps/Extrafarma/Retail/Comum/v1/ServicesRetail/RecebimentoNFCompra/Schemas/RecebimentoNFCompraRibMessage.xsd [difference starting at line#:21]
file:/Users/lmartins/Documents/Sysgroup/Extrafarma/Workspace/AppExtraFarmaSOA/ExtraFarmaSOA/IdentificaServicoRetailIntegracaoBPEL/SOA/Schemas/RibMessages.xsd [difference starting at line#:21]

. Will abort rebuild attempt...
jul 01, 2017 6:57:48 PM oracle.fabric.common.wsdl.SchemaManager buildXDKSchema
ADVERTÊNCIA: Found a schema build exception from most recent attempt: Global element declaration/definition of name '{http://www.oracle.com/retail/integration/rib/RibMessages}messageData' are duplicated at the following locations:

oramds:/apps/Extrafarma/Retail/Comum/v1/ServicesRetail/RecebimentoNFCompra/Schemas/RecebimentoNFCompraRibMessage.xsd [line#: 18]
file:/Users/lmartins/Documents/Sysgroup/Extrafarma/Workspace/AppExtraFarmaSOA/ExtraFarmaSOA/IdentificaServicoRetailIntegracaoBPEL/SOA/Schemas/RibMessages.xsd [line#: 18]
There are at least two of them looking different:
oramds:/apps/Extrafarma/Retail/Comum/v1/ServicesRetail/RecebimentoNFCompra/Schemas/RecebimentoNFCompraRibMessage.xsd [difference starting at line#:21]
file:/Users/lmartins/Documents/Sysgroup/Extrafarma/Workspace/AppExtraFarmaSOA/ExtraFarmaSOA/IdentificaServicoRetailIntegracaoBPEL/SOA/Schemas/RibMessages.xsd [difference starting at line#:21]

. Will abort rebuild attempt...
jul 01, 2017 6:57:48 PM oracle.fabric.common.wsdl.SchemaManager buildXDKSchema
ADVERTÊNCIA: Found a schema build exception from most recent attempt: Global element declaration/definition of name '{http://www.oracle.com/retail/integration/rib/RibMessages}messageData' are duplicated at the following locations:

oramds:/apps/Extrafarma/Retail/Comum/v1/ServicesRetail/RecebimentoNFCompra/Schemas/RecebimentoNFCompraRibMessage.xsd [line#: 18]
file:/Users/lmartins/Documents/Sysgroup/Extrafarma/Workspace/AppExtraFarmaSOA/ExtraFarmaSOA/IdentificaServicoRetailIntegracaoBPEL/SOA/Schemas/RibMessages.xsd [line#: 18]
There are at least two of them looking different:
oramds:/apps/Extrafarma/Retail/Comum/v1/ServicesRetail/RecebimentoNFCompra/Schemas/RecebimentoNFCompraRibMessage.xsd [difference starting at line#:21]
file:/Users/lmartins/Documents/Sysgroup/Extrafarma/Workspace/AppExtraFarmaSOA/ExtraFarmaSOA/IdentificaServicoRetailIntegracaoBPEL/SOA/Schemas/RibMessages.xsd [difference starting at line#:21]

. Will abort rebuild attempt...
jul 01, 2017 6:57:49 PM oracle.integration.platform.blocks.PlatformConfigurationProvider getPlatformConfigurationProvider
ADVERTÊNCIA: O JRF não pode determinar a plataforma do servidor de aplicativos atual.
jul 01, 2017 6:57:50 PM oracle.fabric.common.wsdl.SchemaManager loadAllXSD
ADVERTÊNCIA: Schema load failed due to: Global element declaration/definition of name '{http://www.oracle.com/retail/integration/rib/RibMessages}messageData' are duplicated at the following locations:

oramds:/apps/Extrafarma/Retail/Comum/v1/ServicesRetail/RecebimentoNFCompra/Schemas/RecebimentoNFCompraRibMessage.xsd [line#: 18]
file:/Users/lmartins/Documents/Sysgroup/Extrafarma/Workspace/AppExtraFarmaSOA/ExtraFarmaSOA/IdentificaServicoRetailIntegracaoBPEL/SOA/Schemas/RibMessages.xsd [line#: 18]
There are at least two of them looking different:
oramds:/apps/Extrafarma/Retail/Comum/v1/ServicesRetail/RecebimentoNFCompra/Schemas/RecebimentoNFCompraRibMessage.xsd [difference starting at line#:21]
file:/Users/lmartins/Documents/Sysgroup/Extrafarma/Workspace/AppExtraFarmaSOA/ExtraFarmaSOA/IdentificaServicoRetailIntegracaoBPEL/SOA/Schemas/RibMessages.xsd [difference starting at line#:21]


oracle.fabric.common.wsdl.XSDException: Global element declaration/definition of name '{http://www.oracle.com/retail/integration/rib/RibMessages}messageData' are duplicated at the following locations:

oramds:/apps/Extrafarma/Retail/Comum/v1/ServicesRetail/RecebimentoNFCompra/Schemas/RecebimentoNFCompraRibMessage.xsd [line#: 18]
file:/Users/lmartins/Documents/Sysgroup/Extrafarma/Workspace/AppExtraFarmaSOA/ExtraFarmaSOA/IdentificaServicoRetailIntegracaoBPEL/SOA/Schemas/RibMessages.xsd [line#: 18]
There are at least two of them looking different:
oramds:/apps/Extrafarma/Retail/Comum/v1/ServicesRetail/RecebimentoNFCompra/Schemas/RecebimentoNFCompraRibMessage.xsd [difference starting at line#:21]
file:/Users/lmartins/Documents/Sysgroup/Extrafarma/Workspace/AppExtraFarmaSOA/ExtraFarmaSOA/IdentificaServicoRetailIntegracaoBPEL/SOA/Schemas/RibMessages.xsd [difference starting at line#:21]


	at oracle.fabric.common.wsdl.SchemaBuilder.postProcessXSD(SchemaBuilder.java:417)
	at oracle.fabric.common.wsdl.SchemaBuilder.loadAllSchemas(SchemaBuilder.java:257)
	at oracle.fabric.common.wsdl.SchemaManager.loadAllXSD(SchemaManager.java:414)
	at oracle.fabric.common.wsdl.SchemaManager.buildXDKSchema(SchemaManager.java:697)
	at oracle.fabric.common.wsdl.SchemaManager.lookupSchema(SchemaManager.java:548)
	at oracle.fabric.common.wsdl.SchemaManager.lookupXSDElementDeclaration(SchemaManager.java:873)
	at oracle.bpel.lang.v20.resolver.ProcessImportHandler.lookupXSDElement(ProcessImportHandler.java:285)
	at oracle.bpel.common.validator.helpers.OracleModelQueryImpl.lookupXSDElement(OracleModelQueryImpl.java:744)
	at oracle.bpel.common.validator.helpers.OracleModelQueryImpl.lookupXSDPartType(OracleModelQueryImpl.java:855)
	at oracle.bpel.common.validator.helpers.OracleModelQueryImpl.lookupMessagePartType(OracleModelQueryImpl.java:835)
	at oracle.bpel.common.validator.helpers.OracleModelQueryImpl.lookup(OracleModelQueryImpl.java:415)
	at oracle.bpel.common.validator.helpers.OracleModelQueryImpl.lookup(OracleModelQueryImpl.java:179)
	at org.eclipse.bpel.validator.xpath.XPathValidator.rule_CheckVariable_10(XPathValidator.java:633)
	at sun.reflect.NativeMethodAccessorImpl.invoke0(Native Method)
	at sun.reflect.NativeMethodAccessorImpl.invoke(NativeMethodAccessorImpl.java:62)
	at sun.reflect.DelegatingMethodAccessorImpl.invoke(DelegatingMethodAccessorImpl.java:43)
	at java.lang.reflect.Method.invoke(Method.java:498)
	at org.eclipse.bpel.validator.model.Rules$Rule.invoke(Rules.java:316)
	at org.eclipse.bpel.validator.model.RuleRunner.runRules(RuleRunner.java:99)
	at org.eclipse.bpel.validator.model.Validator.runRules(Validator.java:468)
	at org.eclipse.bpel.validator.model.Validator.runRulesInChain(Validator.java:473)
	at org.eclipse.bpel.validator.xpath.CExpr.runRulesInChain(CExpr.java:199)
	at org.eclipse.bpel.validator.xpath.XPathVisitor.visit(XPathVisitor.java:276)
	at org.eclipse.bpel.validator.xpath.XPathVisitor.visitExpr(XPathVisitor.java:580)
	at org.eclipse.bpel.validator.xpath.XPathVisitor.visit(XPathVisitor.java:290)
	at org.eclipse.bpel.validator.xpath.XPathVisitor.visitExpr(XPathVisitor.java:582)
	at org.eclipse.bpel.validator.xpath.XPathVisitor.visit(XPathVisitor.java:553)
	at org.eclipse.bpel.validator.xpath.From.CheckGeneralExpression(From.java:45)
	at sun.reflect.NativeMethodAccessorImpl.invoke0(Native Method)
	at sun.reflect.NativeMethodAccessorImpl.invoke(NativeMethodAccessorImpl.java:62)
	at sun.reflect.DelegatingMethodAccessorImpl.invoke(DelegatingMethodAccessorImpl.java:43)
	at java.lang.reflect.Method.invoke(Method.java:498)
	at org.eclipse.bpel.validator.model.Rules$Rule.invoke(Rules.java:316)
	at org.eclipse.bpel.validator.model.RuleRunner.runRules(RuleRunner.java:99)
	at org.eclipse.bpel.validator.model.Validator.validate(Validator.java:278)
	at org.eclipse.bpel.validator.model.Runner.pass1(Runner.java:150)
	at org.eclipse.bpel.validator.model.Runner.run(Runner.java:188)
	at oracle.bpel.lang.v20.validator.helpers.OracleBpelREMValidator.validate(OracleBpelREMValidator.java:239)
	at oracle.bpel.lang.v20.validator.helpers.OracleBpelREMValidator.validate(OracleBpelREMValidator.java:131)
	at oracle.bpel.lang.v20.validator.BPEL20Validator.validate(BPEL20Validator.java:82)
	at com.collaxa.cube.lang.compiler.BPEL2Processor.validate(BPEL2Processor.java:152)
	at com.collaxa.cube.lang.compiler.BPEL2Processor.process(BPEL2Processor.java:122)
	at com.collaxa.cube.lang.compiler.BPEL2Processor.process(BPEL2Processor.java:108)
	at oracle.fabric.bpel.bpelc.BPELComponentValidator.validate(BPELComponentValidator.java:87)
	at oracle.soa.scac.ValidateComposite.validateComponentTypeServicesReferences(ValidateComposite.java:1161)
	at oracle.soa.scac.ValidateComposite.doValidation0(ValidateComposite.java:598)
	at oracle.soa.scac.ValidateComposite.doValidation(ValidateComposite.java:577)
	at oracle.soa.scac.ValidateComposite.run0(ValidateComposite.java:228)
	at oracle.soa.scac.ValidateComposite.run(ValidateComposite.java:209)
	at oracle.soa.scac.ValidateComposite.main(ValidateComposite.java:201)
jul 01, 2017 6:57:50 PM oracle.fabric.common.wsdl.SchemaManager buildXDKSchema
ADVERTÊNCIA: Found a schema build exception from most recent attempt: Global element declaration/definition of name '{http://www.oracle.com/retail/integration/rib/RibMessages}messageData' are duplicated at the following locations:

oramds:/apps/Extrafarma/Retail/Comum/v1/ServicesRetail/RecebimentoNFCompra/Schemas/RecebimentoNFCompraRibMessage.xsd [line#: 18]
file:/Users/lmartins/Documents/Sysgroup/Extrafarma/Workspace/AppExtraFarmaSOA/ExtraFarmaSOA/IdentificaServicoRetailIntegracaoBPEL/SOA/Schemas/RibMessages.xsd [line#: 18]
There are at least two of them looking different:
oramds:/apps/Extrafarma/Retail/Comum/v1/ServicesRetail/RecebimentoNFCompra/Schemas/RecebimentoNFCompraRibMessage.xsd [difference starting at line#:21]
file:/Users/lmartins/Documents/Sysgroup/Extrafarma/Workspace/AppExtraFarmaSOA/ExtraFarmaSOA/IdentificaServicoRetailIntegracaoBPEL/SOA/Schemas/RibMessages.xsd [difference starting at line#:21]

. Will abort rebuild attempt...
>>>>>>> 588535e7fd2603c200d24975a405fa777a27e811
