Java HotSpot(TM) 64-Bit Server VM warning: ignoring option PermSize=32m; support was removed in 8.0
Java HotSpot(TM) 64-Bit Server VM warning: ignoring option MaxPermSize=256m; support was removed in 8.0
2017-07-01 18:50:19.311/2.007 Oracle Coherence 12.2.1.0.0 <Info> (thread=main, member=n/a): Loaded operational configuration from "jar:file:/Users/lmartins/Oracle/Middleware/Oracle_Home/coherence/lib/coherence.jar!/tangosol-coherence.xml"
2017-07-01 18:50:19.381/2.076 Oracle Coherence 12.2.1.0.0 <Info> (thread=main, member=n/a): Loaded operational overrides from "jar:file:/Users/lmartins/Oracle/Middleware/Oracle_Home/coherence/lib/coherence.jar!/tangosol-coherence-override-dev.xml"
2017-07-01 18:50:19.383/2.078 Oracle Coherence 12.2.1.0.0 <D5> (thread=main, member=n/a): Optional configuration override "/tangosol-coherence-override.xml" is not specified
2017-07-01 18:50:19.388/2.083 Oracle Coherence 12.2.1.0.0 <D5> (thread=main, member=n/a): Optional configuration override "cache-factory-config.xml" is not specified
2017-07-01 18:50:19.391/2.086 Oracle Coherence 12.2.1.0.0 <D5> (thread=main, member=n/a): Optional configuration override "cache-factory-builder-config.xml" is not specified
2017-07-01 18:50:19.392/2.087 Oracle Coherence 12.2.1.0.0 <D5> (thread=main, member=n/a): Optional configuration override "/custom-mbeans.xml" is not specified

Oracle Coherence Version 12.2.1.0.0 Build 60603
 Grid Edition: Development mode
Copyright (c) 2000, 2015, Oracle and/or its affiliates. All rights reserved.

2017-07-01 18:50:19.843/2.538 Oracle Coherence GE 12.2.1.0.0 <Info> (thread=main, member=n/a): Loaded FMW commons version: 12.2.1-0-0-SNAPSHOT b60603
2017-07-01 18:50:19.853/2.548 Oracle Coherence GE 12.2.1.0.0 <Info> (thread=main, member=n/a): Created cache factory com.tangosol.net.DefaultConfigurableCacheFactory
2017-07-01 18:50:20.116/2.811 Oracle Coherence GE 12.2.1.0.0 <Info> (thread=main, member=n/a): The cluster name has not been configured, a value of "lmartins's cluster" has been automatically generated
jul 01, 2017 6:50:20 PM oracle.dms.instrument.Noun findOrCreateByPath
ADVERTÊNCIA: Tentativa de criar um nome /DMS-Internal preexistente, do tipo n/a, com um tipo de conflito n/d.
jul 01, 2017 6:50:21 PM oracle.soa.scac.ValidateComposite loadWSDLs
ADVERTÊNCIA: Validating WSDLs from WSDLManager....  with option UseSoaInfraMds:false
jul 01, 2017 6:50:21 PM oracle.adf.share.ADFContext getCurrent
ADVERTÊNCIA: Inicializando automaticamente um DefaultContext para getCurrent.
O chamador deve garantir que um DefaultContext é adequado para este uso.
Falta de memória e/ou procedimento inesperado pode ocorrer, se a inicialização automática for executada inadequadamente.
Esta mensagem pode ser evitada, pela execução de initADFContext antes do uso de getCurrent().
Para obter mais informações, ativer o registro de oracle.adf.share.ADFContext no nível O MAIS REFINADO.
jul 01, 2017 6:50:21 PM oracle.adf.share.config.ADFConfigFactory findOrCreateADFConfig
INFORMAÇÕES: Recurso META-INF/adf-config.xml não encontrado no classpath.
jul 01, 2017 6:50:21 PM oracle.adf.share.config.ADFConfigFactory findOrCreateADFConfig
INFORMAÇÕES: Uma implementação padrão do ADFConfig está sendo criada para a aplicação. Esse fato pode levar a resultados inesperados em alguns casos. Adicione um META-INF/adf-config.xml básico ao seu classpath para evitar erros funcionais.
2017-07-01 18:50:21.968/4.663 Oracle Coherence GE 12.2.1.0.0 <Info> (thread=main, member=n/a): Created cache factory com.tangosol.net.DefaultConfigurableCacheFactory
jul 01, 2017 6:50:22 PM oracle.fabric.common.wsdl.SchemaManager isIncrementalBuildSupported
INFORMAÇÕES: XMLSchema incremental build enabled.
ADVERTÊNCIA: Failed to load WSDL from oramds:/apps/Extrafarma/Retail/Comum/v1/ServicesRetail/RecebimentoNFCompra/WSDLs/RecebimentoNFCompraV1/RecebimentoNFCompraV1.wsdl due to: Erro ao obter o fluxo de entrada XML: oramds:/apps/Extrafarma/Retail/Comum/v1/ServicesRetail/RecebimentoNFCompra/WSDLs/RecebimentoNFCompraV1/RecebimentoNFCompraV1.wsdl: oracle.mds.exception.MDSException: MDS-00054: O arquivo a ser carregado oramds:/apps/Extrafarma/Retail/Comum/v1/ServicesRetail/RecebimentoNFCompra/WSDLs/RecebimentoNFCompraV1/RecebimentoNFCompraV1.wsdl não existe.
ADVERTÊNCIA: O JRF não pode determinar a plataforma do servidor de aplicativos atual.
