2017-06-26 17:51:15.535/1.550 Oracle Coherence 12.2.1.0.0 <Info> (thread=main, member=n/a): Loaded operational configuration from "jar:file:/C:/Middleware12G/coherence/lib/coherence.jar!/tangosol-coherence.xml"
2017-06-26 17:51:15.576/1.591 Oracle Coherence 12.2.1.0.0 <Info> (thread=main, member=n/a): Loaded operational overrides from "jar:file:/C:/Middleware12G/coherence/lib/coherence.jar!/tangosol-coherence-override-dev.xml"
2017-06-26 17:51:15.578/1.593 Oracle Coherence 12.2.1.0.0 <D5> (thread=main, member=n/a): Optional configuration override "/tangosol-coherence-override.xml" is not specified
2017-06-26 17:51:15.580/1.595 Oracle Coherence 12.2.1.0.0 <D5> (thread=main, member=n/a): Optional configuration override "cache-factory-config.xml" is not specified
2017-06-26 17:51:15.582/1.597 Oracle Coherence 12.2.1.0.0 <D5> (thread=main, member=n/a): Optional configuration override "cache-factory-builder-config.xml" is not specified
2017-06-26 17:51:15.583/1.598 Oracle Coherence 12.2.1.0.0 <D5> (thread=main, member=n/a): Optional configuration override "/custom-mbeans.xml" is not specified

Oracle Coherence Version 12.2.1.0.0 Build 60603
 Grid Edition: Development mode
Copyright (c) 2000, 2015, Oracle and/or its affiliates. All rights reserved.

2017-06-26 17:51:15.706/1.721 Oracle Coherence GE 12.2.1.0.0 <Info> (thread=main, member=n/a): Loaded FMW commons version: 12.2.1-0-0-SNAPSHOT b60603
2017-06-26 17:51:15.710/1.725 Oracle Coherence GE 12.2.1.0.0 <Info> (thread=main, member=n/a): Created cache factory com.tangosol.net.DefaultConfigurableCacheFactory
2017-06-26 17:51:16.606/2.621 Oracle Coherence GE 12.2.1.0.0 <Info> (thread=main, member=n/a): The cluster name has not been configured, a value of "Vinicius's cluster" has been automatically generated
Jun 26, 2017 5:51:17 PM oracle.soa.scac.ValidateComposite loadWSDLs
WARNING: Validating WSDLs from WSDLManager....  with option UseSoaInfraMds:false
Jun 26, 2017 5:51:17 PM oracle.adf.share.ADFContext getCurrent
WARNING: Automatically initializing a DefaultContext for getCurrent.
Caller should ensure that a DefaultContext is proper for this use.
Memory leaks and/or unexpected behaviour may occur if the automatic initialization is performed improperly.
This message may be avoided by performing initADFContext before using getCurrent().
For more information please enable logging for oracle.adf.share.ADFContext at FINEST level.
Jun 26, 2017 5:51:17 PM oracle.adf.share.config.ADFConfigFactory findOrCreateADFConfig
INFO: Resource META-INF/adf-config.xml not found on the classpath.
Jun 26, 2017 5:51:17 PM oracle.adf.share.config.ADFConfigFactory findOrCreateADFConfig
INFO: A default implementation of ADFConfig is being created for application. This can lead to unexpected results in some cases. Please add a basic META-INF/adf-config.xml to your classpath to avoid functional errors.
2017-06-26 17:51:17.717/3.732 Oracle Coherence GE 12.2.1.0.0 <Info> (thread=main, member=n/a): Created cache factory com.tangosol.net.DefaultConfigurableCacheFactory
Jun 26, 2017 5:51:17 PM oracle.fabric.common.wsdl.SchemaManager loadAllXSD
WARNING: Schema load failed due to: Global element declaration/definition of name '{http://www.oracle.com/retail/integration/rib/RibMessages}messageData' are duplicated at the following locations:

file:/C:/Users/Vinicius/Dropbox/Resource/AppExtrafarmaSOA/TransferenciaMercadoriaLojaIntegracaoBPEL/SOA/Schemas/CancelarRibMessages.xsd [line#: 18]
file:/C:/Users/Vinicius/Dropbox/Resource/AppExtrafarmaSOA/TransferenciaMercadoriaLojaIntegracaoBPEL/SOA/Schemas/CriarRibMessages.xsd [line#: 18]
There are at least two of them looking different:
file:/C:/Users/Vinicius/Dropbox/Resource/AppExtrafarmaSOA/TransferenciaMercadoriaLojaIntegracaoBPEL/SOA/Schemas/CancelarRibMessages.xsd [difference starting at line#:21]
file:/C:/Users/Vinicius/Dropbox/Resource/AppExtrafarmaSOA/TransferenciaMercadoriaLojaIntegracaoBPEL/SOA/Schemas/CriarRibMessages.xsd [difference starting at line#:21]


oracle.fabric.common.wsdl.XSDException: Global element declaration/definition of name '{http://www.oracle.com/retail/integration/rib/RibMessages}messageData' are duplicated at the following locations:

file:/C:/Users/Vinicius/Dropbox/Resource/AppExtrafarmaSOA/TransferenciaMercadoriaLojaIntegracaoBPEL/SOA/Schemas/CancelarRibMessages.xsd [line#: 18]
file:/C:/Users/Vinicius/Dropbox/Resource/AppExtrafarmaSOA/TransferenciaMercadoriaLojaIntegracaoBPEL/SOA/Schemas/CriarRibMessages.xsd [line#: 18]
There are at least two of them looking different:
file:/C:/Users/Vinicius/Dropbox/Resource/AppExtrafarmaSOA/TransferenciaMercadoriaLojaIntegracaoBPEL/SOA/Schemas/CancelarRibMessages.xsd [difference starting at line#:21]
file:/C:/Users/Vinicius/Dropbox/Resource/AppExtrafarmaSOA/TransferenciaMercadoriaLojaIntegracaoBPEL/SOA/Schemas/CriarRibMessages.xsd [difference starting at line#:21]


	at oracle.fabric.common.wsdl.SchemaBuilder.postProcessXSD(SchemaBuilder.java:417)
	at oracle.fabric.common.wsdl.SchemaBuilder.loadAllSchemas(SchemaBuilder.java:257)
	at oracle.fabric.common.wsdl.SchemaManager.loadAllXSD(SchemaManager.java:414)
	at oracle.fabric.common.wsdl.SchemaManager.buildXDKSchema(SchemaManager.java:697)
	at oracle.fabric.common.wsdl.SchemaManager.lookupSchema(SchemaManager.java:548)
	at oracle.fabric.common.wsdl.SchemaManager.lookupXSDElementDeclaration(SchemaManager.java:873)
	at oracle.soa.scac.WSDLValidator.validateMessageParts(WSDLValidator.java:113)
	at oracle.soa.scac.WSDLValidator.validateMessages(WSDLValidator.java:88)
	at oracle.soa.scac.WSDLValidator.validate(WSDLValidator.java:44)
	at oracle.soa.scac.ValidateComposite.loadWSDLs(ValidateComposite.java:1002)
	at oracle.soa.scac.ValidateComposite.doValidation0(ValidateComposite.java:589)
	at oracle.soa.scac.ValidateComposite.doValidation(ValidateComposite.java:577)
	at oracle.soa.scac.ValidateComposite.run0(ValidateComposite.java:228)
	at oracle.soa.scac.ValidateComposite.run(ValidateComposite.java:209)
	at oracle.soa.scac.ValidateComposite.main(ValidateComposite.java:201)
Jun 26, 2017 5:51:17 PM oracle.fabric.common.wsdl.SchemaManager isIncrementalBuildSupported
INFO: XMLSchema incremental build enabled.
Jun 26, 2017 5:51:17 PM oracle.fabric.common.wsdl.SchemaManager buildXDKSchema
WARNING: Found a schema build exception from most recent attempt: Global element declaration/definition of name '{http://www.oracle.com/retail/integration/rib/RibMessages}messageData' are duplicated at the following locations:

file:/C:/Users/Vinicius/Dropbox/Resource/AppExtrafarmaSOA/TransferenciaMercadoriaLojaIntegracaoBPEL/SOA/Schemas/CancelarRibMessages.xsd [line#: 18]
file:/C:/Users/Vinicius/Dropbox/Resource/AppExtrafarmaSOA/TransferenciaMercadoriaLojaIntegracaoBPEL/SOA/Schemas/CriarRibMessages.xsd [line#: 18]
There are at least two of them looking different:
file:/C:/Users/Vinicius/Dropbox/Resource/AppExtrafarmaSOA/TransferenciaMercadoriaLojaIntegracaoBPEL/SOA/Schemas/CancelarRibMessages.xsd [difference starting at line#:21]
file:/C:/Users/Vinicius/Dropbox/Resource/AppExtrafarmaSOA/TransferenciaMercadoriaLojaIntegracaoBPEL/SOA/Schemas/CriarRibMessages.xsd [difference starting at line#:21]

. Will abort rebuild attempt...
Jun 26, 2017 5:51:18 PM oracle.integration.platform.blocks.PlatformConfigurationProvider getPlatformConfigurationProvider
WARNING: JRF is unable to determine the current application server platform.
Jun 26, 2017 5:51:18 PM oracle.fabric.common.wsdl.SchemaManager loadAllXSD
WARNING: Schema load failed due to: Global element declaration/definition of name '{http://www.oracle.com/retail/integration/rib/RibMessages}messageData' are duplicated at the following locations:

file:/C:/Users/Vinicius/Dropbox/Resource/AppExtrafarmaSOA/TransferenciaMercadoriaLojaIntegracaoBPEL/SOA/Schemas/CancelarRibMessages.xsd [line#: 18]
file:/C:/Users/Vinicius/Dropbox/Resource/AppExtrafarmaSOA/TransferenciaMercadoriaLojaIntegracaoBPEL/SOA/Schemas/CriarRibMessages.xsd [line#: 18]
There are at least two of them looking different:
file:/C:/Users/Vinicius/Dropbox/Resource/AppExtrafarmaSOA/TransferenciaMercadoriaLojaIntegracaoBPEL/SOA/Schemas/CancelarRibMessages.xsd [difference starting at line#:21]
file:/C:/Users/Vinicius/Dropbox/Resource/AppExtrafarmaSOA/TransferenciaMercadoriaLojaIntegracaoBPEL/SOA/Schemas/CriarRibMessages.xsd [difference starting at line#:21]


oracle.fabric.common.wsdl.XSDException: Global element declaration/definition of name '{http://www.oracle.com/retail/integration/rib/RibMessages}messageData' are duplicated at the following locations:

file:/C:/Users/Vinicius/Dropbox/Resource/AppExtrafarmaSOA/TransferenciaMercadoriaLojaIntegracaoBPEL/SOA/Schemas/CancelarRibMessages.xsd [line#: 18]
file:/C:/Users/Vinicius/Dropbox/Resource/AppExtrafarmaSOA/TransferenciaMercadoriaLojaIntegracaoBPEL/SOA/Schemas/CriarRibMessages.xsd [line#: 18]
There are at least two of them looking different:
file:/C:/Users/Vinicius/Dropbox/Resource/AppExtrafarmaSOA/TransferenciaMercadoriaLojaIntegracaoBPEL/SOA/Schemas/CancelarRibMessages.xsd [difference starting at line#:21]
file:/C:/Users/Vinicius/Dropbox/Resource/AppExtrafarmaSOA/TransferenciaMercadoriaLojaIntegracaoBPEL/SOA/Schemas/CriarRibMessages.xsd [difference starting at line#:21]


	at oracle.fabric.common.wsdl.SchemaBuilder.postProcessXSD(SchemaBuilder.java:417)
	at oracle.fabric.common.wsdl.SchemaBuilder.loadAllSchemas(SchemaBuilder.java:257)
	at oracle.fabric.common.wsdl.SchemaManager.loadAllXSD(SchemaManager.java:414)
	at oracle.fabric.common.wsdl.SchemaManager.buildXDKSchema(SchemaManager.java:697)
	at oracle.fabric.common.wsdl.SchemaManager.lookupSchema(SchemaManager.java:548)
	at oracle.fabric.common.wsdl.SchemaManager.lookupXSDElementDeclaration(SchemaManager.java:873)
	at oracle.bpel.lang.v20.resolver.ProcessImportHandler.lookupXSDElement(ProcessImportHandler.java:285)
	at oracle.bpel.common.validator.helpers.OracleModelQueryImpl.lookupXSDElement(OracleModelQueryImpl.java:744)
	at oracle.bpel.common.validator.helpers.OracleModelQueryImpl.lookupXSDPartType(OracleModelQueryImpl.java:855)
	at oracle.bpel.common.validator.helpers.OracleModelQueryImpl.lookupMessagePartType(OracleModelQueryImpl.java:835)
	at oracle.bpel.common.validator.helpers.OracleModelQueryImpl.lookup(OracleModelQueryImpl.java:415)
	at oracle.bpel.common.validator.helpers.OracleModelQueryImpl.lookup(OracleModelQueryImpl.java:179)
	at org.eclipse.bpel.validator.rules.CToFromValidator.checkVariableAndPartVariant(CToFromValidator.java:105)
	at org.eclipse.bpel.validator.rules.ToValidator.rule_CheckVariableAndPartVariant_18(ToValidator.java:129)
	at sun.reflect.NativeMethodAccessorImpl.invoke0(Native Method)
	at sun.reflect.NativeMethodAccessorImpl.invoke(NativeMethodAccessorImpl.java:62)
	at sun.reflect.DelegatingMethodAccessorImpl.invoke(DelegatingMethodAccessorImpl.java:43)
	at java.lang.reflect.Method.invoke(Method.java:498)
	at org.eclipse.bpel.validator.model.Rules$Rule.invoke(Rules.java:316)
	at org.eclipse.bpel.validator.model.RuleRunner.runRules(RuleRunner.java:99)
	at org.eclipse.bpel.validator.model.Validator.validate(Validator.java:278)
	at org.eclipse.bpel.validator.model.Runner.pass1(Runner.java:150)
	at org.eclipse.bpel.validator.model.Runner.run(Runner.java:188)
	at oracle.bpel.lang.v20.validator.helpers.OracleBpelREMValidator.validate(OracleBpelREMValidator.java:239)
	at oracle.bpel.lang.v20.validator.helpers.OracleBpelREMValidator.validate(OracleBpelREMValidator.java:131)
	at oracle.bpel.lang.v20.validator.BPEL20Validator.validate(BPEL20Validator.java:82)
	at com.collaxa.cube.lang.compiler.BPEL2Processor.validate(BPEL2Processor.java:152)
	at com.collaxa.cube.lang.compiler.BPEL2Processor.process(BPEL2Processor.java:122)
	at com.collaxa.cube.lang.compiler.BPEL2Processor.process(BPEL2Processor.java:108)
	at oracle.fabric.bpel.bpelc.BPELComponentValidator.validate(BPELComponentValidator.java:87)
	at oracle.soa.scac.ValidateComposite.validateComponentTypeServicesReferences(ValidateComposite.java:1161)
	at oracle.soa.scac.ValidateComposite.doValidation0(ValidateComposite.java:598)
	at oracle.soa.scac.ValidateComposite.doValidation(ValidateComposite.java:577)
	at oracle.soa.scac.ValidateComposite.run0(ValidateComposite.java:228)
	at oracle.soa.scac.ValidateComposite.run(ValidateComposite.java:209)
	at oracle.soa.scac.ValidateComposite.main(ValidateComposite.java:201)
Jun 26, 2017 5:51:18 PM oracle.fabric.common.wsdl.SchemaManager loadAllXSD
WARNING: Schema load failed due to: Global element declaration/definition of name '{http://www.oracle.com/retail/integration/rib/RibMessages}messageData' are duplicated at the following locations:

file:/C:/Users/Vinicius/Dropbox/Resource/AppExtrafarmaSOA/TransferenciaMercadoriaLojaIntegracaoBPEL/SOA/Schemas/CancelarRibMessages.xsd [line#: 18]
file:/C:/Users/Vinicius/Dropbox/Resource/AppExtrafarmaSOA/TransferenciaMercadoriaLojaIntegracaoBPEL/SOA/Schemas/CriarRibMessages.xsd [line#: 18]
There are at least two of them looking different:
file:/C:/Users/Vinicius/Dropbox/Resource/AppExtrafarmaSOA/TransferenciaMercadoriaLojaIntegracaoBPEL/SOA/Schemas/CancelarRibMessages.xsd [difference starting at line#:21]
file:/C:/Users/Vinicius/Dropbox/Resource/AppExtrafarmaSOA/TransferenciaMercadoriaLojaIntegracaoBPEL/SOA/Schemas/CriarRibMessages.xsd [difference starting at line#:21]


oracle.fabric.common.wsdl.XSDException: Global element declaration/definition of name '{http://www.oracle.com/retail/integration/rib/RibMessages}messageData' are duplicated at the following locations:

file:/C:/Users/Vinicius/Dropbox/Resource/AppExtrafarmaSOA/TransferenciaMercadoriaLojaIntegracaoBPEL/SOA/Schemas/CancelarRibMessages.xsd [line#: 18]
file:/C:/Users/Vinicius/Dropbox/Resource/AppExtrafarmaSOA/TransferenciaMercadoriaLojaIntegracaoBPEL/SOA/Schemas/CriarRibMessages.xsd [line#: 18]
There are at least two of them looking different:
file:/C:/Users/Vinicius/Dropbox/Resource/AppExtrafarmaSOA/TransferenciaMercadoriaLojaIntegracaoBPEL/SOA/Schemas/CancelarRibMessages.xsd [difference starting at line#:21]
file:/C:/Users/Vinicius/Dropbox/Resource/AppExtrafarmaSOA/TransferenciaMercadoriaLojaIntegracaoBPEL/SOA/Schemas/CriarRibMessages.xsd [difference starting at line#:21]


	at oracle.fabric.common.wsdl.SchemaBuilder.postProcessXSD(SchemaBuilder.java:417)
	at oracle.fabric.common.wsdl.SchemaBuilder.loadAllSchemas(SchemaBuilder.java:257)
	at oracle.fabric.common.wsdl.SchemaManager.loadAllXSD(SchemaManager.java:414)
	at oracle.fabric.common.wsdl.SchemaManager.buildXDKSchema(SchemaManager.java:697)
	at oracle.fabric.common.wsdl.SchemaManager.lookupSchema(SchemaManager.java:548)
	at oracle.fabric.common.wsdl.SchemaManager.lookupXSDElementDeclaration(SchemaManager.java:873)
	at oracle.bpel.lang.v20.resolver.ProcessImportHandler.lookupXSDElement(ProcessImportHandler.java:285)
	at oracle.bpel.common.validator.helpers.OracleModelQueryImpl.lookupXSDElement(OracleModelQueryImpl.java:744)
	at oracle.bpel.common.validator.helpers.OracleModelQueryImpl.lookup(OracleModelQueryImpl.java:207)
	at org.eclipse.bpel.validator.rules.VariableValidator.rule_CheckType_2(VariableValidator.java:164)
	at sun.reflect.NativeMethodAccessorImpl.invoke0(Native Method)
	at sun.reflect.NativeMethodAccessorImpl.invoke(NativeMethodAccessorImpl.java:62)
	at sun.reflect.DelegatingMethodAccessorImpl.invoke(DelegatingMethodAccessorImpl.java:43)
	at java.lang.reflect.Method.invoke(Method.java:498)
	at org.eclipse.bpel.validator.model.Rules$Rule.invoke(Rules.java:316)
	at org.eclipse.bpel.validator.model.RuleRunner.runRules(RuleRunner.java:99)
	at org.eclipse.bpel.validator.model.Validator.validate(Validator.java:278)
	at org.eclipse.bpel.validator.model.Runner.pass1(Runner.java:150)
	at org.eclipse.bpel.validator.model.Runner.run(Runner.java:188)
	at oracle.bpel.lang.v20.validator.helpers.OracleBpelREMValidator.validate(OracleBpelREMValidator.java:239)
	at oracle.bpel.lang.v20.validator.helpers.OracleBpelREMValidator.validate(OracleBpelREMValidator.java:131)
	at oracle.bpel.lang.v20.validator.BPEL20Validator.validate(BPEL20Validator.java:82)
	at com.collaxa.cube.lang.compiler.BPEL2Processor.validate(BPEL2Processor.java:152)
	at com.collaxa.cube.lang.compiler.BPEL2Processor.process(BPEL2Processor.java:122)
	at com.collaxa.cube.lang.compiler.BPEL2Processor.process(BPEL2Processor.java:108)
	at oracle.fabric.bpel.bpelc.BPELComponentValidator.validate(BPELComponentValidator.java:87)
	at oracle.soa.scac.ValidateComposite.validateComponentTypeServicesReferences(ValidateComposite.java:1161)
	at oracle.soa.scac.ValidateComposite.doValidation0(ValidateComposite.java:598)
	at oracle.soa.scac.ValidateComposite.doValidation(ValidateComposite.java:577)
	at oracle.soa.scac.ValidateComposite.run0(ValidateComposite.java:228)
	at oracle.soa.scac.ValidateComposite.run(ValidateComposite.java:209)
	at oracle.soa.scac.ValidateComposite.main(ValidateComposite.java:201)
Jun 26, 2017 5:51:18 PM oracle.fabric.common.wsdl.SchemaManager buildXDKSchema
WARNING: Found a schema build exception from most recent attempt: Global element declaration/definition of name '{http://www.oracle.com/retail/integration/rib/RibMessages}messageData' are duplicated at the following locations:

file:/C:/Users/Vinicius/Dropbox/Resource/AppExtrafarmaSOA/TransferenciaMercadoriaLojaIntegracaoBPEL/SOA/Schemas/CancelarRibMessages.xsd [line#: 18]
file:/C:/Users/Vinicius/Dropbox/Resource/AppExtrafarmaSOA/TransferenciaMercadoriaLojaIntegracaoBPEL/SOA/Schemas/CriarRibMessages.xsd [line#: 18]
There are at least two of them looking different:
file:/C:/Users/Vinicius/Dropbox/Resource/AppExtrafarmaSOA/TransferenciaMercadoriaLojaIntegracaoBPEL/SOA/Schemas/CancelarRibMessages.xsd [difference starting at line#:21]
file:/C:/Users/Vinicius/Dropbox/Resource/AppExtrafarmaSOA/TransferenciaMercadoriaLojaIntegracaoBPEL/SOA/Schemas/CriarRibMessages.xsd [difference starting at line#:21]

. Will abort rebuild attempt...
Picked up JAVA_TOOL_OPTIONS: -Djava.vendor="Sun Microsystems Inc."
Java HotSpot(TM) Client VM warning: ignoring option PermSize=32m; support was removed in 8.0
Java HotSpot(TM) Client VM warning: ignoring option MaxPermSize=256m; support was removed in 8.0
