2017-06-27 16:42:48.229/1.458 Oracle Coherence 12.2.1.0.0 <Info> (thread=main, member=n/a): Loaded operational configuration from "jar:file:/C:/Middleware12G/coherence/lib/coherence.jar!/tangosol-coherence.xml"
2017-06-27 16:42:48.259/1.487 Oracle Coherence 12.2.1.0.0 <Info> (thread=main, member=n/a): Loaded operational overrides from "jar:file:/C:/Middleware12G/coherence/lib/coherence.jar!/tangosol-coherence-override-dev.xml"
2017-06-27 16:42:48.260/1.489 Oracle Coherence 12.2.1.0.0 <D5> (thread=main, member=n/a): Optional configuration override "/tangosol-coherence-override.xml" is not specified
2017-06-27 16:42:48.262/1.490 Oracle Coherence 12.2.1.0.0 <D5> (thread=main, member=n/a): Optional configuration override "cache-factory-config.xml" is not specified
2017-06-27 16:42:48.263/1.491 Oracle Coherence 12.2.1.0.0 <D5> (thread=main, member=n/a): Optional configuration override "cache-factory-builder-config.xml" is not specified
2017-06-27 16:42:48.264/1.492 Oracle Coherence 12.2.1.0.0 <D5> (thread=main, member=n/a): Optional configuration override "/custom-mbeans.xml" is not specified

Oracle Coherence Version 12.2.1.0.0 Build 60603
 Grid Edition: Development mode
Copyright (c) 2000, 2015, Oracle and/or its affiliates. All rights reserved.

2017-06-27 16:42:48.358/1.586 Oracle Coherence GE 12.2.1.0.0 <Info> (thread=main, member=n/a): Loaded FMW commons version: 12.2.1-0-0-SNAPSHOT b60603
2017-06-27 16:42:48.360/1.589 Oracle Coherence GE 12.2.1.0.0 <Info> (thread=main, member=n/a): Created cache factory com.tangosol.net.DefaultConfigurableCacheFactory
2017-06-27 16:42:49.253/2.482 Oracle Coherence GE 12.2.1.0.0 <Info> (thread=main, member=n/a): The cluster name has not been configured, a value of "Vinicius's cluster" has been automatically generated
Jun 27, 2017 4:42:50 PM oracle.soa.scac.ValidateComposite loadWSDLs
WARNING: Validating WSDLs from WSDLManager....  with option UseSoaInfraMds:false
Jun 27, 2017 4:42:50 PM oracle.adf.share.ADFContext getCurrent
WARNING: Automatically initializing a DefaultContext for getCurrent.
Caller should ensure that a DefaultContext is proper for this use.
Memory leaks and/or unexpected behaviour may occur if the automatic initialization is performed improperly.
This message may be avoided by performing initADFContext before using getCurrent().
For more information please enable logging for oracle.adf.share.ADFContext at FINEST level.
Jun 27, 2017 4:42:50 PM oracle.adf.share.config.ADFConfigFactory findOrCreateADFConfig
INFO: Resource META-INF/adf-config.xml not found on the classpath.
Jun 27, 2017 4:42:50 PM oracle.adf.share.config.ADFConfigFactory findOrCreateADFConfig
INFO: A default implementation of ADFConfig is being created for application. This can lead to unexpected results in some cases. Please add a basic META-INF/adf-config.xml to your classpath to avoid functional errors.
2017-06-27 16:42:50.316/3.545 Oracle Coherence GE 12.2.1.0.0 <Info> (thread=main, member=n/a): Created cache factory com.tangosol.net.DefaultConfigurableCacheFactory
Jun 27, 2017 4:42:50 PM oracle.fabric.common.wsdl.SchemaManager isIncrementalBuildSupported
INFO: XMLSchema incremental build enabled.
Jun 27, 2017 4:42:51 PM oracle.integration.platform.blocks.PlatformConfigurationProvider getPlatformConfigurationProvider
WARNING: JRF is unable to determine the current application server platform.
Java HotSpot(TM) Client VM warning: ignoring option PermSize=32m; support was removed in 8.0
Java HotSpot(TM) Client VM warning: ignoring option MaxPermSize=256m; support was removed in 8.0
